[ 2018-12-31T17:41:17+08:00 ] 23.98.38.94 /
INFO: [ app_begin ] --START--
INFO: ReadHtmlCache Behavior ::run [ RunTime:0.000000s ]
INFO: [ app_begin ] --END-- [ RunTime:0.078125s ]
SQL: SHOW COLUMNS FROM `order` [ RunTime:0.000000s ]
ERR: 1146:Table 'jiedai.order' doesn't exist
 [ SQL语句 ] : SHOW COLUMNS FROM `order`
SQL: SELECT * FROM `order` WHERE ( `status` = 1 )  [ RunTime:0.000000s ]
ERR: 1146:Table 'jiedai.order' doesn't exist
 [ SQL语句 ] : SELECT * FROM `order` WHERE ( `status` = 1 ) 
SQL: UPDATE `order` SET `status`='-1' WHERE ( `id` = null ) [ RunTime:0.031250s ]
ERR: 1146:Table 'jiedai.order' doesn't exist
 [ SQL语句 ] : UPDATE `order` SET `status`='-1' WHERE ( `id` = null )
NOTIC: [8] Undefined index: user D:\wwwroot\www.hnlc58.com\App\Lib\Action\Home\CommonAction.class.php 第 24 行.
NOTIC: [8] Undefined index: user D:\wwwroot\www.hnlc58.com\App\Lib\Action\Home\CommonAction.class.php 第 51 行.
INFO: [ view_parse ] --START--
SQL: SHOW COLUMNS FROM `block` [ RunTime:0.015625s ]
ERR: 1146:Table 'jiedai.block' doesn't exist
 [ SQL语句 ] : SHOW COLUMNS FROM `block`
SQL: SELECT * FROM `block` WHERE ( `name` = '首页底部公司名' ) LIMIT 1   [ RunTime:0.000000s ]
ERR: 1146:Table 'jiedai.block' doesn't exist
 [ SQL语句 ] : SELECT * FROM `block` WHERE ( `name` = '首页底部公司名' ) LIMIT 1  
SQL: SELECT * FROM `block` WHERE ( `name` = '协议1地址' ) LIMIT 1   [ RunTime:0.015625s ]
ERR: 1146:Table 'jiedai.block' doesn't exist
 [ SQL语句 ] : SELECT * FROM `block` WHERE ( `name` = '协议1地址' ) LIMIT 1  
SQL: SELECT * FROM `block` WHERE ( `name` = '协议3地址' ) LIMIT 1   [ RunTime:0.000000s ]
ERR: 1146:Table 'jiedai.block' doesn't exist
 [ SQL语句 ] : SELECT * FROM `block` WHERE ( `name` = '协议3地址' ) LIMIT 1  
SQL: SELECT * FROM `block` WHERE ( `name` = '协议2地址' ) LIMIT 1   [ RunTime:0.000000s ]
ERR: 1146:Table 'jiedai.block' doesn't exist
 [ SQL语句 ] : SELECT * FROM `block` WHERE ( `name` = '协议2地址' ) LIMIT 1  
INFO: ParseTemplate Behavior ::run [ RunTime:0.406250s ]
INFO: [ view_parse ] --END-- [ RunTime:0.406250s ]
INFO: [ view_filter ] --START--
INFO: ContentReplace Behavior ::run [ RunTime:0.015625s ]
INFO: TokenBuild Behavior ::run [ RunTime:0.031250s ]
INFO: WriteHtmlCache Behavior ::run [ RunTime:0.015625s ]
INFO: ShowRuntime Behavior ::run [ RunTime:0.015625s ]
INFO: [ view_filter ] --END-- [ RunTime:0.078125s ]
INFO: [ view_end ] --START--
INFO: ShowPageTrace Behavior ::run [ RunTime:0.000000s ]
INFO: [ view_end ] --END-- [ RunTime:0.000000s ]

[ 2018-12-31T17:41:17+08:00 ] 139.214.246.250 /
INFO: [ app_begin ] --START--
INFO: ReadHtmlCache Behavior ::run [ RunTime:0.000000s ]
INFO: [ app_begin ] --END-- [ RunTime:0.078125s ]
SQL: SHOW COLUMNS FROM `order` [ RunTime:0.109375s ]
ERR: 1146:Table 'jiedai.order' doesn't exist
 [ SQL语句 ] : SHOW COLUMNS FROM `order`
SQL: SELECT * FROM `order` WHERE ( `status` = 1 )  [ RunTime:0.000000s ]
ERR: 1146:Table 'jiedai.order' doesn't exist
 [ SQL语句 ] : SELECT * FROM `order` WHERE ( `status` = 1 ) 
SQL: UPDATE `order` SET `status`='-1' WHERE ( `id` = null ) [ RunTime:0.000000s ]
ERR: 1146:Table 'jiedai.order' doesn't exist
 [ SQL语句 ] : UPDATE `order` SET `status`='-1' WHERE ( `id` = null )
NOTIC: [8] Undefined index: user D:\wwwroot\www.hnlc58.com\App\Lib\Action\Home\CommonAction.class.php 第 24 行.
NOTIC: [8] Undefined index: user D:\wwwroot\www.hnlc58.com\App\Lib\Action\Home\CommonAction.class.php 第 51 行.
INFO: [ view_parse ] --START--
SQL: SHOW COLUMNS FROM `block` [ RunTime:0.031250s ]
ERR: 1146:Table 'jiedai.block' doesn't exist
 [ SQL语句 ] : SHOW COLUMNS FROM `block`
SQL: SELECT * FROM `block` WHERE ( `name` = '首页底部公司名' ) LIMIT 1   [ RunTime:0.000000s ]
ERR: 1146:Table 'jiedai.block' doesn't exist
 [ SQL语句 ] : SELECT * FROM `block` WHERE ( `name` = '首页底部公司名' ) LIMIT 1  
SQL: SELECT * FROM `block` WHERE ( `name` = '协议1地址' ) LIMIT 1   [ RunTime:0.000000s ]
ERR: 1146:Table 'jiedai.block' doesn't exist
 [ SQL语句 ] : SELECT * FROM `block` WHERE ( `name` = '协议1地址' ) LIMIT 1  
SQL: SELECT * FROM `block` WHERE ( `name` = '协议3地址' ) LIMIT 1   [ RunTime:0.000000s ]
ERR: 1146:Table 'jiedai.block' doesn't exist
 [ SQL语句 ] : SELECT * FROM `block` WHERE ( `name` = '协议3地址' ) LIMIT 1  
SQL: SELECT * FROM `block` WHERE ( `name` = '协议2地址' ) LIMIT 1   [ RunTime:0.000000s ]
ERR: 1146:Table 'jiedai.block' doesn't exist
 [ SQL语句 ] : SELECT * FROM `block` WHERE ( `name` = '协议2地址' ) LIMIT 1  
INFO: ParseTemplate Behavior ::run [ RunTime:0.140625s ]
INFO: [ view_parse ] --END-- [ RunTime:0.140625s ]
INFO: [ view_filter ] --START--
INFO: ContentReplace Behavior ::run [ RunTime:0.000000s ]
INFO: TokenBuild Behavior ::run [ RunTime:0.000000s ]
INFO: WriteHtmlCache Behavior ::run [ RunTime:0.015625s ]
INFO: ShowRuntime Behavior ::run [ RunTime:0.000000s ]
INFO: [ view_filter ] --END-- [ RunTime:0.015625s ]
INFO: [ view_end ] --START--
INFO: ShowPageTrace Behavior ::run [ RunTime:0.000000s ]
INFO: [ view_end ] --END-- [ RunTime:0.000000s ]

[ 2018-12-31T17:41:24+08:00 ] 139.214.246.250 /index.php?m=User&a=login
INFO: [ app_begin ] --START--
INFO: ReadHtmlCache Behavior ::run [ RunTime:0.000000s ]
INFO: [ app_begin ] --END-- [ RunTime:0.000000s ]
SQL: SHOW COLUMNS FROM `order` [ RunTime:0.000000s ]
ERR: 1146:Table 'jiedai.order' doesn't exist
 [ SQL语句 ] : SHOW COLUMNS FROM `order`
SQL: SELECT * FROM `order` WHERE ( `status` = 1 )  [ RunTime:0.000000s ]
ERR: 1146:Table 'jiedai.order' doesn't exist
 [ SQL语句 ] : SELECT * FROM `order` WHERE ( `status` = 1 ) 
SQL: UPDATE `order` SET `status`='-1' WHERE ( `id` = null ) [ RunTime:0.000000s ]
ERR: 1146:Table 'jiedai.order' doesn't exist
 [ SQL语句 ] : UPDATE `order` SET `status`='-1' WHERE ( `id` = null )
NOTIC: [8] Undefined index: user D:\wwwroot\www.hnlc58.com\App\Lib\Action\Home\CommonAction.class.php 第 24 行.
NOTIC: [8] Undefined index: user D:\wwwroot\www.hnlc58.com\App\Lib\Action\Home\CommonAction.class.php 第 51 行.
INFO: [ view_parse ] --START--
INFO: ParseTemplate Behavior ::run [ RunTime:0.031250s ]
INFO: [ view_parse ] --END-- [ RunTime:0.031250s ]
INFO: [ view_filter ] --START--
INFO: ContentReplace Behavior ::run [ RunTime:0.000000s ]
INFO: TokenBuild Behavior ::run [ RunTime:0.000000s ]
INFO: WriteHtmlCache Behavior ::run [ RunTime:0.015625s ]
INFO: ShowRuntime Behavior ::run [ RunTime:0.000000s ]
INFO: [ view_filter ] --END-- [ RunTime:0.015625s ]
INFO: [ view_end ] --START--
INFO: ShowPageTrace Behavior ::run [ RunTime:0.000000s ]
INFO: [ view_end ] --END-- [ RunTime:0.000000s ]

[ 2018-12-31T17:42:08+08:00 ] 139.214.246.250 /index.php?g=Admin
INFO: [ app_begin ] --START--
INFO: ReadHtmlCache Behavior ::run [ RunTime:0.000000s ]
INFO: [ app_begin ] --END-- [ RunTime:0.000000s ]
SQL: SHOW COLUMNS FROM `order` [ RunTime:0.000000s ]
SQL: SELECT * FROM `order` WHERE ( `status` = 1 )  [ RunTime:0.000000s ]

[ 2018-12-31T17:42:09+08:00 ] 139.214.246.250 /index.php?g=Admin&m=Index&a=login
INFO: [ app_begin ] --START--
INFO: ReadHtmlCache Behavior ::run [ RunTime:0.000000s ]
INFO: [ app_begin ] --END-- [ RunTime:0.000000s ]
SQL: SHOW COLUMNS FROM `order` [ RunTime:0.000000s ]
SQL: SELECT * FROM `order` WHERE ( `status` = 1 )  [ RunTime:0.000000s ]
INFO: [ view_parse ] --START--
INFO: ParseTemplate Behavior ::run [ RunTime:0.046875s ]
INFO: [ view_parse ] --END-- [ RunTime:0.046875s ]
INFO: [ view_filter ] --START--
INFO: ContentReplace Behavior ::run [ RunTime:0.000000s ]
INFO: TokenBuild Behavior ::run [ RunTime:0.000000s ]
INFO: WriteHtmlCache Behavior ::run [ RunTime:0.000000s ]
INFO: ShowRuntime Behavior ::run [ RunTime:0.000000s ]
INFO: [ view_filter ] --END-- [ RunTime:0.000000s ]
INFO: [ view_end ] --START--
INFO: ShowPageTrace Behavior ::run [ RunTime:0.000000s ]
INFO: [ view_end ] --END-- [ RunTime:0.015625s ]

[ 2018-12-31T17:42:18+08:00 ] 139.214.246.250 /index.php?g=Admin&m=Index&a=login
INFO: [ app_begin ] --START--
INFO: ReadHtmlCache Behavior ::run [ RunTime:0.000000s ]
INFO: [ app_begin ] --END-- [ RunTime:0.000000s ]
SQL: SHOW COLUMNS FROM `order` [ RunTime:0.000000s ]
SQL: SELECT * FROM `order` WHERE ( `status` = 1 )  [ RunTime:0.000000s ]
SQL: SHOW COLUMNS FROM `admin` [ RunTime:0.000000s ]
NOTIC: [8] Undefined variable: validate D:\wwwroot\www.hnlc58.com\App\Lib\Action\Admin\IndexAction.class.php 第 20 行.
SQL: SELECT * FROM `admin` WHERE ( `username` = 'admin' ) AND ( `password` = '6b1152e0e5d19761fb9e46a3139943ed' ) LIMIT 1   [ RunTime:0.000000s ]
SQL: SHOW COLUMNS FROM `admin_login` [ RunTime:0.000000s ]
SQL: INSERT INTO `admin_login` (`username`,`logintime`,`loginip`) VALUES ('admin',1546249338,'139.214.246.250') [ RunTime:0.031250s ]
SQL: UPDATE `admin` SET `lastlogin`=1546249338 WHERE ( `username` = 'admin' ) [ RunTime:0.062500s ]
INFO: [ view_parse ] --START--
INFO: ParseTemplate Behavior ::run [ RunTime:0.062500s ]
INFO: [ view_parse ] --END-- [ RunTime:0.062500s ]
INFO: [ view_filter ] --START--
INFO: ContentReplace Behavior ::run [ RunTime:0.000000s ]
INFO: TokenBuild Behavior ::run [ RunTime:0.000000s ]
INFO: WriteHtmlCache Behavior ::run [ RunTime:0.000000s ]
INFO: ShowRuntime Behavior ::run [ RunTime:0.000000s ]
INFO: [ view_filter ] --END-- [ RunTime:0.000000s ]
INFO: [ view_end ] --START--
INFO: ShowPageTrace Behavior ::run [ RunTime:0.000000s ]
INFO: [ view_end ] --END-- [ RunTime:0.000000s ]

[ 2018-12-31T17:42:21+08:00 ] 139.214.246.250 /index.php?g=Admin&m=Main&a=index
INFO: [ app_begin ] --START--
INFO: ReadHtmlCache Behavior ::run [ RunTime:0.015625s ]
INFO: [ app_begin ] --END-- [ RunTime:0.015625s ]
SQL: SHOW COLUMNS FROM `order` [ RunTime:0.000000s ]
SQL: SELECT * FROM `order` WHERE ( `status` = 1 )  [ RunTime:0.000000s ]
SQL: SHOW COLUMNS FROM `admin_login` [ RunTime:0.000000s ]
SQL: SELECT * FROM `admin_login` WHERE ( `username` = 'admin' ) ORDER BY logintime Desc LIMIT 4   [ RunTime:0.000000s ]
INFO: [ view_parse ] --START--
INFO: ParseTemplate Behavior ::run [ RunTime:0.078125s ]
INFO: [ view_parse ] --END-- [ RunTime:0.078125s ]
INFO: [ view_filter ] --START--
INFO: ContentReplace Behavior ::run [ RunTime:0.000000s ]
INFO: TokenBuild Behavior ::run [ RunTime:0.000000s ]
INFO: WriteHtmlCache Behavior ::run [ RunTime:0.000000s ]
INFO: ShowRuntime Behavior ::run [ RunTime:0.000000s ]
INFO: [ view_filter ] --END-- [ RunTime:0.000000s ]
INFO: [ view_end ] --START--
INFO: ShowPageTrace Behavior ::run [ RunTime:0.015625s ]
INFO: [ view_end ] --END-- [ RunTime:0.015625s ]

[ 2018-12-31T17:42:24+08:00 ] 139.214.246.250 /index.php?g=Admin&m=System&a=index
INFO: [ app_begin ] --START--
INFO: ReadHtmlCache Behavior ::run [ RunTime:0.000000s ]
INFO: [ app_begin ] --END-- [ RunTime:0.000000s ]
SQL: SHOW COLUMNS FROM `order` [ RunTime:0.000000s ]
SQL: SELECT * FROM `order` WHERE ( `status` = 1 )  [ RunTime:0.000000s ]
INFO: [ view_parse ] --START--
INFO: ParseTemplate Behavior ::run [ RunTime:0.109375s ]
INFO: [ view_parse ] --END-- [ RunTime:0.109375s ]
INFO: [ view_filter ] --START--
INFO: ContentReplace Behavior ::run [ RunTime:0.000000s ]
INFO: TokenBuild Behavior ::run [ RunTime:0.000000s ]
INFO: WriteHtmlCache Behavior ::run [ RunTime:0.000000s ]
INFO: ShowRuntime Behavior ::run [ RunTime:0.015625s ]
INFO: [ view_filter ] --END-- [ RunTime:0.015625s ]
INFO: [ view_end ] --START--
INFO: ShowPageTrace Behavior ::run [ RunTime:0.000000s ]
INFO: [ view_end ] --END-- [ RunTime:0.000000s ]

[ 2018-12-31T17:43:06+08:00 ] 139.214.246.250 /
INFO: [ app_begin ] --START--
INFO: ReadHtmlCache Behavior ::run [ RunTime:0.000000s ]
INFO: [ app_begin ] --END-- [ RunTime:0.000000s ]
SQL: SHOW COLUMNS FROM `order` [ RunTime:0.000000s ]
SQL: SELECT * FROM `order` WHERE ( `status` = 1 )  [ RunTime:0.000000s ]
NOTIC: [8] Undefined index: user D:\wwwroot\www.hnlc58.com\App\Lib\Action\Home\CommonAction.class.php 第 24 行.
NOTIC: [8] Undefined index: user D:\wwwroot\www.hnlc58.com\App\Lib\Action\Home\CommonAction.class.php 第 51 行.
INFO: [ view_parse ] --START--
SQL: SHOW COLUMNS FROM `block` [ RunTime:0.000000s ]
SQL: SELECT * FROM `block` WHERE ( `name` = '首页底部公司名' ) LIMIT 1   [ RunTime:0.000000s ]
SQL: SELECT * FROM `block` WHERE ( `name` = '协议1地址' ) LIMIT 1   [ RunTime:0.000000s ]
SQL: SELECT * FROM `block` WHERE ( `name` = '协议3地址' ) LIMIT 1   [ RunTime:0.000000s ]
SQL: SELECT * FROM `block` WHERE ( `name` = '协议2地址' ) LIMIT 1   [ RunTime:0.000000s ]
INFO: ParseTemplate Behavior ::run [ RunTime:0.062500s ]
INFO: [ view_parse ] --END-- [ RunTime:0.062500s ]
INFO: [ view_filter ] --START--
INFO: ContentReplace Behavior ::run [ RunTime:0.000000s ]
INFO: TokenBuild Behavior ::run [ RunTime:0.015625s ]
INFO: WriteHtmlCache Behavior ::run [ RunTime:0.000000s ]
INFO: ShowRuntime Behavior ::run [ RunTime:0.000000s ]
INFO: [ view_filter ] --END-- [ RunTime:0.015625s ]
INFO: [ view_end ] --START--
INFO: ShowPageTrace Behavior ::run [ RunTime:0.000000s ]
INFO: [ view_end ] --END-- [ RunTime:0.000000s ]

[ 2018-12-31T17:43:10+08:00 ] 139.214.246.250 /index.php?m=Index&a=member
INFO: [ app_begin ] --START--
INFO: ReadHtmlCache Behavior ::run [ RunTime:0.000000s ]
INFO: [ app_begin ] --END-- [ RunTime:0.000000s ]
SQL: SHOW COLUMNS FROM `order` [ RunTime:0.000000s ]
SQL: SELECT * FROM `order` WHERE ( `status` = 1 )  [ RunTime:0.000000s ]
NOTIC: [8] Undefined index: user D:\wwwroot\www.hnlc58.com\App\Lib\Action\Home\CommonAction.class.php 第 24 行.
NOTIC: [8] Constant THEME_NAME already defined D:\wwwroot\www.hnlc58.com\Base\Lib\Core\View.class.php 第 223 行.
NOTIC: [8] Constant THEME_PATH already defined D:\wwwroot\www.hnlc58.com\Base\Lib\Core\View.class.php 第 174 行.
NOTIC: [8] Constant APP_TMPL_PATH already defined D:\wwwroot\www.hnlc58.com\Base\Lib\Core\View.class.php 第 175 行.
INFO: [ view_parse ] --START--
INFO: ParseTemplate Behavior ::run [ RunTime:0.031250s ]
INFO: [ view_parse ] --END-- [ RunTime:0.031250s ]
INFO: [ view_filter ] --START--
INFO: ContentReplace Behavior ::run [ RunTime:0.000000s ]
INFO: TokenBuild Behavior ::run [ RunTime:0.000000s ]
INFO: WriteHtmlCache Behavior ::run [ RunTime:0.000000s ]
INFO: ShowRuntime Behavior ::run [ RunTime:0.000000s ]
INFO: [ view_filter ] --END-- [ RunTime:0.000000s ]
INFO: [ view_end ] --START--
INFO: ShowPageTrace Behavior ::run [ RunTime:0.000000s ]
INFO: [ view_end ] --END-- [ RunTime:0.000000s ]

[ 2018-12-31T17:44:41+08:00 ] 139.214.246.250 /
INFO: [ app_begin ] --START--
INFO: ReadHtmlCache Behavior ::run [ RunTime:0.015625s ]
INFO: [ app_begin ] --END-- [ RunTime:0.015625s ]
SQL: SHOW COLUMNS FROM `order` [ RunTime:0.000000s ]
SQL: SELECT * FROM `order` WHERE ( `status` = 1 )  [ RunTime:0.000000s ]
NOTIC: [8] Undefined index: user D:\wwwroot\www.hnlc58.com\App\Lib\Action\Home\CommonAction.class.php 第 24 行.
NOTIC: [8] Undefined index: user D:\wwwroot\www.hnlc58.com\App\Lib\Action\Home\CommonAction.class.php 第 51 行.
INFO: [ view_parse ] --START--
SQL: SHOW COLUMNS FROM `block` [ RunTime:0.000000s ]
SQL: SELECT * FROM `block` WHERE ( `name` = '首页底部公司名' ) LIMIT 1   [ RunTime:0.000000s ]
SQL: SELECT * FROM `block` WHERE ( `name` = '协议1地址' ) LIMIT 1   [ RunTime:0.000000s ]
SQL: SELECT * FROM `block` WHERE ( `name` = '协议3地址' ) LIMIT 1   [ RunTime:0.000000s ]
SQL: SELECT * FROM `block` WHERE ( `name` = '协议2地址' ) LIMIT 1   [ RunTime:0.000000s ]
INFO: ParseTemplate Behavior ::run [ RunTime:0.046875s ]
INFO: [ view_parse ] --END-- [ RunTime:0.046875s ]
INFO: [ view_filter ] --START--
INFO: ContentReplace Behavior ::run [ RunTime:0.000000s ]
INFO: TokenBuild Behavior ::run [ RunTime:0.000000s ]
INFO: WriteHtmlCache Behavior ::run [ RunTime:0.000000s ]
INFO: ShowRuntime Behavior ::run [ RunTime:0.000000s ]
INFO: [ view_filter ] --END-- [ RunTime:0.000000s ]
INFO: [ view_end ] --START--
INFO: ShowPageTrace Behavior ::run [ RunTime:0.000000s ]
INFO: [ view_end ] --END-- [ RunTime:0.000000s ]

[ 2018-12-31T17:44:49+08:00 ] 139.214.246.250 /index.php?m=Index&a=member
INFO: [ app_begin ] --START--
INFO: ReadHtmlCache Behavior ::run [ RunTime:0.000000s ]
INFO: [ app_begin ] --END-- [ RunTime:0.000000s ]
SQL: SHOW COLUMNS FROM `order` [ RunTime:0.000000s ]
SQL: SELECT * FROM `order` WHERE ( `status` = 1 )  [ RunTime:0.000000s ]
NOTIC: [8] Undefined index: user D:\wwwroot\www.hnlc58.com\App\Lib\Action\Home\CommonAction.class.php 第 24 行.
NOTIC: [8] Constant THEME_NAME already defined D:\wwwroot\www.hnlc58.com\Base\Lib\Core\View.class.php 第 223 行.
NOTIC: [8] Constant THEME_PATH already defined D:\wwwroot\www.hnlc58.com\Base\Lib\Core\View.class.php 第 174 行.
NOTIC: [8] Constant APP_TMPL_PATH already defined D:\wwwroot\www.hnlc58.com\Base\Lib\Core\View.class.php 第 175 行.
INFO: [ view_parse ] --START--
INFO: ParseTemplate Behavior ::run [ RunTime:0.031250s ]
INFO: [ view_parse ] --END-- [ RunTime:0.031250s ]
INFO: [ view_filter ] --START--
INFO: ContentReplace Behavior ::run [ RunTime:0.000000s ]
INFO: TokenBuild Behavior ::run [ RunTime:0.000000s ]
INFO: WriteHtmlCache Behavior ::run [ RunTime:0.000000s ]
INFO: ShowRuntime Behavior ::run [ RunTime:0.000000s ]
INFO: [ view_filter ] --END-- [ RunTime:0.000000s ]
INFO: [ view_end ] --START--
INFO: ShowPageTrace Behavior ::run [ RunTime:0.000000s ]
INFO: [ view_end ] --END-- [ RunTime:0.000000s ]

[ 2018-12-31T17:44:55+08:00 ] 139.214.246.250 /index.php?m=Index&a=member
INFO: [ app_begin ] --START--
INFO: ReadHtmlCache Behavior ::run [ RunTime:0.000000s ]
INFO: [ app_begin ] --END-- [ RunTime:0.000000s ]
SQL: SHOW COLUMNS FROM `order` [ RunTime:0.000000s ]
SQL: SELECT * FROM `order` WHERE ( `status` = 1 )  [ RunTime:0.000000s ]
NOTIC: [8] Undefined index: user D:\wwwroot\www.hnlc58.com\App\Lib\Action\Home\CommonAction.class.php 第 24 行.
NOTIC: [8] Constant THEME_NAME already defined D:\wwwroot\www.hnlc58.com\Base\Lib\Core\View.class.php 第 223 行.
NOTIC: [8] Constant THEME_PATH already defined D:\wwwroot\www.hnlc58.com\Base\Lib\Core\View.class.php 第 174 行.
NOTIC: [8] Constant APP_TMPL_PATH already defined D:\wwwroot\www.hnlc58.com\Base\Lib\Core\View.class.php 第 175 行.
INFO: [ view_parse ] --START--
INFO: ParseTemplate Behavior ::run [ RunTime:0.015625s ]
INFO: [ view_parse ] --END-- [ RunTime:0.031250s ]
INFO: [ view_filter ] --START--
INFO: ContentReplace Behavior ::run [ RunTime:0.000000s ]
INFO: TokenBuild Behavior ::run [ RunTime:0.000000s ]
INFO: WriteHtmlCache Behavior ::run [ RunTime:0.000000s ]
INFO: ShowRuntime Behavior ::run [ RunTime:0.000000s ]
INFO: [ view_filter ] --END-- [ RunTime:0.000000s ]
INFO: [ view_end ] --START--
INFO: ShowPageTrace Behavior ::run [ RunTime:0.000000s ]
INFO: [ view_end ] --END-- [ RunTime:0.000000s ]

[ 2018-12-31T17:45:04+08:00 ] 139.214.246.250 /
INFO: [ app_begin ] --START--
INFO: ReadHtmlCache Behavior ::run [ RunTime:0.000000s ]
INFO: [ app_begin ] --END-- [ RunTime:0.000000s ]
SQL: SHOW COLUMNS FROM `order` [ RunTime:0.000000s ]
SQL: SELECT * FROM `order` WHERE ( `status` = 1 )  [ RunTime:0.015625s ]
NOTIC: [8] Undefined index: user D:\wwwroot\www.hnlc58.com\App\Lib\Action\Home\CommonAction.class.php 第 24 行.
NOTIC: [8] Undefined index: user D:\wwwroot\www.hnlc58.com\App\Lib\Action\Home\CommonAction.class.php 第 51 行.
INFO: [ view_parse ] --START--
SQL: SHOW COLUMNS FROM `block` [ RunTime:0.000000s ]
SQL: SELECT * FROM `block` WHERE ( `name` = '首页底部公司名' ) LIMIT 1   [ RunTime:0.000000s ]
SQL: SELECT * FROM `block` WHERE ( `name` = '协议1地址' ) LIMIT 1   [ RunTime:0.000000s ]
SQL: SELECT * FROM `block` WHERE ( `name` = '协议3地址' ) LIMIT 1   [ RunTime:0.000000s ]
SQL: SELECT * FROM `block` WHERE ( `name` = '协议2地址' ) LIMIT 1   [ RunTime:0.000000s ]
INFO: ParseTemplate Behavior ::run [ RunTime:0.046875s ]
INFO: [ view_parse ] --END-- [ RunTime:0.046875s ]
INFO: [ view_filter ] --START--
INFO: ContentReplace Behavior ::run [ RunTime:0.000000s ]
INFO: TokenBuild Behavior ::run [ RunTime:0.000000s ]
INFO: WriteHtmlCache Behavior ::run [ RunTime:0.000000s ]
INFO: ShowRuntime Behavior ::run [ RunTime:0.015625s ]
INFO: [ view_filter ] --END-- [ RunTime:0.015625s ]
INFO: [ view_end ] --START--
INFO: ShowPageTrace Behavior ::run [ RunTime:0.000000s ]
INFO: [ view_end ] --END-- [ RunTime:0.000000s ]

[ 2018-12-31T18:16:40+08:00 ] 139.214.246.250 /index.php?m=User&a=index
INFO: [ app_begin ] --START--
INFO: ReadHtmlCache Behavior ::run [ RunTime:0.000000s ]
INFO: [ app_begin ] --END-- [ RunTime:0.000000s ]
SQL: SHOW COLUMNS FROM `order` [ RunTime:0.000000s ]
SQL: SELECT * FROM `order` WHERE ( `status` = 1 )  [ RunTime:0.000000s ]
NOTIC: [8] Undefined index: user D:\wwwroot\www.hnlc58.com\App\Lib\Action\Home\CommonAction.class.php 第 24 行.
NOTIC: [8] Undefined index: user D:\wwwroot\www.hnlc58.com\App\Lib\Action\Home\CommonAction.class.php 第 51 行.
INFO: [ view_parse ] --START--
INFO: ParseTemplate Behavior ::run [ RunTime:0.125000s ]
INFO: [ view_parse ] --END-- [ RunTime:0.125000s ]
INFO: [ view_filter ] --START--
INFO: ContentReplace Behavior ::run [ RunTime:0.000000s ]
INFO: TokenBuild Behavior ::run [ RunTime:0.000000s ]
INFO: WriteHtmlCache Behavior ::run [ RunTime:0.000000s ]
INFO: ShowRuntime Behavior ::run [ RunTime:0.000000s ]
INFO: [ view_filter ] --END-- [ RunTime:0.000000s ]
INFO: [ view_end ] --START--
INFO: ShowPageTrace Behavior ::run [ RunTime:0.000000s ]
INFO: [ view_end ] --END-- [ RunTime:0.000000s ]

[ 2018-12-31T18:16:43+08:00 ] 139.214.246.250 /index.php?m=User&a=login
INFO: [ app_begin ] --START--
INFO: ReadHtmlCache Behavior ::run [ RunTime:0.015625s ]
INFO: [ app_begin ] --END-- [ RunTime:0.015625s ]
SQL: SHOW COLUMNS FROM `order` [ RunTime:0.000000s ]
SQL: SELECT * FROM `order` WHERE ( `status` = 1 )  [ RunTime:0.000000s ]
NOTIC: [8] Undefined index: user D:\wwwroot\www.hnlc58.com\App\Lib\Action\Home\CommonAction.class.php 第 24 行.
NOTIC: [8] Undefined index: user D:\wwwroot\www.hnlc58.com\App\Lib\Action\Home\CommonAction.class.php 第 51 行.
INFO: [ view_parse ] --START--
INFO: ParseTemplate Behavior ::run [ RunTime:0.046875s ]
INFO: [ view_parse ] --END-- [ RunTime:0.046875s ]
INFO: [ view_filter ] --START--
INFO: ContentReplace Behavior ::run [ RunTime:0.000000s ]
INFO: TokenBuild Behavior ::run [ RunTime:0.000000s ]
INFO: WriteHtmlCache Behavior ::run [ RunTime:0.000000s ]
INFO: ShowRuntime Behavior ::run [ RunTime:0.000000s ]
INFO: [ view_filter ] --END-- [ RunTime:0.000000s ]
INFO: [ view_end ] --START--
INFO: ShowPageTrace Behavior ::run [ RunTime:0.000000s ]
INFO: [ view_end ] --END-- [ RunTime:0.000000s ]

[ 2018-12-31T18:18:03+08:00 ] 139.214.246.250 /index.php?m=User&a=login
INFO: [ app_begin ] --START--
INFO: ReadHtmlCache Behavior ::run [ RunTime:0.000000s ]
INFO: [ app_begin ] --END-- [ RunTime:0.000000s ]
SQL: SHOW COLUMNS FROM `order` [ RunTime:0.000000s ]
SQL: SELECT * FROM `order` WHERE ( `status` = 1 )  [ RunTime:0.000000s ]
NOTIC: [8] Undefined index: user D:\wwwroot\www.hnlc58.com\App\Lib\Action\Home\CommonAction.class.php 第 24 行.
SQL: SHOW COLUMNS FROM `user` [ RunTime:0.000000s ]
SQL: SELECT * FROM `user` WHERE ( `phone` = '18646882061' ) AND ( `password` = '10470c3b4b1fed12c3baac014be15fac67c6e815' ) LIMIT 1   [ RunTime:0.015625s ]

[ 2018-12-31T18:18:31+08:00 ] 139.214.246.250 /index.php?m=User&a=login
INFO: [ app_begin ] --START--
INFO: ReadHtmlCache Behavior ::run [ RunTime:0.000000s ]
INFO: [ app_begin ] --END-- [ RunTime:0.000000s ]
SQL: SHOW COLUMNS FROM `order` [ RunTime:0.000000s ]
SQL: SELECT * FROM `order` WHERE ( `status` = 1 )  [ RunTime:0.015625s ]
NOTIC: [8] Undefined index: user D:\wwwroot\www.hnlc58.com\App\Lib\Action\Home\CommonAction.class.php 第 24 行.
SQL: SHOW COLUMNS FROM `user` [ RunTime:0.000000s ]
SQL: SELECT * FROM `user` WHERE ( `phone` = '13024973460' ) AND ( `password` = '10470c3b4b1fed12c3baac014be15fac67c6e815' ) LIMIT 1   [ RunTime:0.000000s ]

[ 2018-12-31T18:19:05+08:00 ] 139.214.246.250 /index.php?m=User&a=login
INFO: [ app_begin ] --START--
INFO: ReadHtmlCache Behavior ::run [ RunTime:0.000000s ]
INFO: [ app_begin ] --END-- [ RunTime:0.000000s ]
SQL: SHOW COLUMNS FROM `order` [ RunTime:0.000000s ]
SQL: SELECT * FROM `order` WHERE ( `status` = 1 )  [ RunTime:0.000000s ]
NOTIC: [8] Undefined index: user D:\wwwroot\www.hnlc58.com\App\Lib\Action\Home\CommonAction.class.php 第 24 行.
SQL: SHOW COLUMNS FROM `user` [ RunTime:0.015625s ]
SQL: SELECT * FROM `user` WHERE ( `phone` = '13063015439' ) AND ( `password` = '10470c3b4b1fed12c3baac014be15fac67c6e815' ) LIMIT 1   [ RunTime:0.000000s ]

[ 2018-12-31T18:19:10+08:00 ] 139.214.246.250 /index.php?m=User&a=login
INFO: [ app_begin ] --START--
INFO: ReadHtmlCache Behavior ::run [ RunTime:0.000000s ]
INFO: [ app_begin ] --END-- [ RunTime:0.000000s ]
SQL: SHOW COLUMNS FROM `order` [ RunTime:0.000000s ]
SQL: SELECT * FROM `order` WHERE ( `status` = 1 )  [ RunTime:0.000000s ]
NOTIC: [8] Undefined index: user D:\wwwroot\www.hnlc58.com\App\Lib\Action\Home\CommonAction.class.php 第 24 行.
SQL: SHOW COLUMNS FROM `user` [ RunTime:0.015625s ]
SQL: SELECT * FROM `user` WHERE ( `phone` = '13063015439' ) AND ( `password` = '10470c3b4b1fed12c3baac014be15fac67c6e815' ) LIMIT 1   [ RunTime:0.000000s ]

[ 2018-12-31T18:30:25+08:00 ] 23.98.38.94 /index.php?g=Admin
INFO: [ app_begin ] --START--
INFO: ReadHtmlCache Behavior ::run [ RunTime:0.015625s ]
INFO: [ app_begin ] --END-- [ RunTime:0.015625s ]
SQL: SHOW COLUMNS FROM `order` [ RunTime:0.000000s ]
SQL: SELECT * FROM `order` WHERE ( `status` = 1 )  [ RunTime:0.000000s ]

[ 2018-12-31T18:30:26+08:00 ] 23.98.38.94 /index.php?g=Admin&m=Index&a=login
INFO: [ app_begin ] --START--
INFO: ReadHtmlCache Behavior ::run [ RunTime:0.000000s ]
INFO: [ app_begin ] --END-- [ RunTime:0.000000s ]
SQL: SHOW COLUMNS FROM `order` [ RunTime:0.000000s ]
SQL: SELECT * FROM `order` WHERE ( `status` = 1 )  [ RunTime:0.000000s ]
INFO: [ view_parse ] --START--
INFO: ParseTemplate Behavior ::run [ RunTime:0.062500s ]
INFO: [ view_parse ] --END-- [ RunTime:0.062500s ]
INFO: [ view_filter ] --START--
INFO: ContentReplace Behavior ::run [ RunTime:0.000000s ]
INFO: TokenBuild Behavior ::run [ RunTime:0.000000s ]
INFO: WriteHtmlCache Behavior ::run [ RunTime:0.000000s ]
INFO: ShowRuntime Behavior ::run [ RunTime:0.000000s ]
INFO: [ view_filter ] --END-- [ RunTime:0.015625s ]
INFO: [ view_end ] --START--
INFO: ShowPageTrace Behavior ::run [ RunTime:0.000000s ]
INFO: [ view_end ] --END-- [ RunTime:0.000000s ]

[ 2018-12-31T18:30:33+08:00 ] 23.98.38.94 /index.php?g=Admin&m=Index&a=login
INFO: [ app_begin ] --START--
INFO: ReadHtmlCache Behavior ::run [ RunTime:0.000000s ]
INFO: [ app_begin ] --END-- [ RunTime:0.000000s ]
SQL: SHOW COLUMNS FROM `order` [ RunTime:0.000000s ]
SQL: SELECT * FROM `order` WHERE ( `status` = 1 )  [ RunTime:0.000000s ]
SQL: SHOW COLUMNS FROM `admin` [ RunTime:0.000000s ]
NOTIC: [8] Undefined variable: validate D:\wwwroot\www.hnlc58.com\App\Lib\Action\Admin\IndexAction.class.php 第 20 行.
SQL: SELECT * FROM `admin` WHERE ( `username` = 'admin' ) AND ( `password` = 'f11ec7022bbe2bf69670d1a181646f0e' ) LIMIT 1   [ RunTime:0.000000s ]
INFO: [ view_parse ] --START--
INFO: ParseTemplate Behavior ::run [ RunTime:0.062500s ]
INFO: [ view_parse ] --END-- [ RunTime:0.062500s ]
INFO: [ view_filter ] --START--
INFO: ContentReplace Behavior ::run [ RunTime:0.000000s ]
INFO: TokenBuild Behavior ::run [ RunTime:0.000000s ]
INFO: WriteHtmlCache Behavior ::run [ RunTime:0.000000s ]
INFO: ShowRuntime Behavior ::run [ RunTime:0.000000s ]
INFO: [ view_filter ] --END-- [ RunTime:0.000000s ]
INFO: [ view_end ] --START--
INFO: ShowPageTrace Behavior ::run [ RunTime:0.000000s ]
INFO: [ view_end ] --END-- [ RunTime:0.000000s ]

[ 2018-12-31T18:30:38+08:00 ] 23.98.38.94 /index.php?g=Admin&m=Index&a=login
INFO: [ app_begin ] --START--
INFO: ReadHtmlCache Behavior ::run [ RunTime:0.015625s ]
INFO: [ app_begin ] --END-- [ RunTime:0.015625s ]
SQL: SHOW COLUMNS FROM `order` [ RunTime:0.000000s ]
SQL: SELECT * FROM `order` WHERE ( `status` = 1 )  [ RunTime:0.000000s ]
INFO: [ view_parse ] --START--
INFO: ParseTemplate Behavior ::run [ RunTime:0.015625s ]
INFO: [ view_parse ] --END-- [ RunTime:0.015625s ]
INFO: [ view_filter ] --START--
INFO: ContentReplace Behavior ::run [ RunTime:0.000000s ]
INFO: TokenBuild Behavior ::run [ RunTime:0.000000s ]
INFO: WriteHtmlCache Behavior ::run [ RunTime:0.000000s ]
INFO: ShowRuntime Behavior ::run [ RunTime:0.015625s ]
INFO: [ view_filter ] --END-- [ RunTime:0.015625s ]
INFO: [ view_end ] --START--
INFO: ShowPageTrace Behavior ::run [ RunTime:0.000000s ]
INFO: [ view_end ] --END-- [ RunTime:0.000000s ]

[ 2018-12-31T18:30:43+08:00 ] 23.98.38.94 /index.php?g=Admin&m=Index&a=login
INFO: [ app_begin ] --START--
INFO: ReadHtmlCache Behavior ::run [ RunTime:0.000000s ]
INFO: [ app_begin ] --END-- [ RunTime:0.000000s ]
SQL: SHOW COLUMNS FROM `order` [ RunTime:0.000000s ]
SQL: SELECT * FROM `order` WHERE ( `status` = 1 )  [ RunTime:0.000000s ]
SQL: SHOW COLUMNS FROM `admin` [ RunTime:0.015625s ]
NOTIC: [8] Undefined variable: validate D:\wwwroot\www.hnlc58.com\App\Lib\Action\Admin\IndexAction.class.php 第 20 行.
SQL: SELECT * FROM `admin` WHERE ( `username` = 'admin' ) AND ( `password` = '6b1152e0e5d19761fb9e46a3139943ed' ) LIMIT 1   [ RunTime:0.000000s ]
SQL: SHOW COLUMNS FROM `admin_login` [ RunTime:0.015625s ]
SQL: INSERT INTO `admin_login` (`username`,`logintime`,`loginip`) VALUES ('admin',1546252243,'23.98.38.94') [ RunTime:0.000000s ]
SQL: UPDATE `admin` SET `lastlogin`=1546252243 WHERE ( `username` = 'admin' ) [ RunTime:0.000000s ]
INFO: [ view_parse ] --START--
INFO: ParseTemplate Behavior ::run [ RunTime:0.046875s ]
INFO: [ view_parse ] --END-- [ RunTime:0.046875s ]
INFO: [ view_filter ] --START--
INFO: ContentReplace Behavior ::run [ RunTime:0.000000s ]
INFO: TokenBuild Behavior ::run [ RunTime:0.000000s ]
INFO: WriteHtmlCache Behavior ::run [ RunTime:0.000000s ]
INFO: ShowRuntime Behavior ::run [ RunTime:0.000000s ]
INFO: [ view_filter ] --END-- [ RunTime:0.000000s ]
INFO: [ view_end ] --START--
INFO: ShowPageTrace Behavior ::run [ RunTime:0.000000s ]
INFO: [ view_end ] --END-- [ RunTime:0.000000s ]

[ 2018-12-31T18:30:46+08:00 ] 23.98.38.94 /index.php?g=Admin&m=Main&a=index
INFO: [ app_begin ] --START--
INFO: ReadHtmlCache Behavior ::run [ RunTime:0.000000s ]
INFO: [ app_begin ] --END-- [ RunTime:0.000000s ]
SQL: SHOW COLUMNS FROM `order` [ RunTime:0.000000s ]
SQL: SELECT * FROM `order` WHERE ( `status` = 1 )  [ RunTime:0.000000s ]
SQL: SHOW COLUMNS FROM `admin_login` [ RunTime:0.000000s ]
SQL: SELECT * FROM `admin_login` WHERE ( `username` = 'admin' ) ORDER BY logintime Desc LIMIT 4   [ RunTime:0.000000s ]
INFO: [ view_parse ] --START--
INFO: ParseTemplate Behavior ::run [ RunTime:0.046875s ]
INFO: [ view_parse ] --END-- [ RunTime:0.046875s ]
INFO: [ view_filter ] --START--
INFO: ContentReplace Behavior ::run [ RunTime:0.000000s ]
INFO: TokenBuild Behavior ::run [ RunTime:0.015625s ]
INFO: WriteHtmlCache Behavior ::run [ RunTime:0.000000s ]
INFO: ShowRuntime Behavior ::run [ RunTime:0.000000s ]
INFO: [ view_filter ] --END-- [ RunTime:0.015625s ]
INFO: [ view_end ] --START--
INFO: ShowPageTrace Behavior ::run [ RunTime:0.000000s ]
INFO: [ view_end ] --END-- [ RunTime:0.000000s ]

[ 2018-12-31T18:30:47+08:00 ] 23.98.38.94 /index.php?g=Admin&m=Article&a=addcatsk
INFO: [ app_begin ] --START--
INFO: ReadHtmlCache Behavior ::run [ RunTime:0.000000s ]
INFO: [ app_begin ] --END-- [ RunTime:0.000000s ]
SQL: SHOW COLUMNS FROM `order` [ RunTime:0.000000s ]
SQL: SELECT * FROM `order` WHERE ( `status` = 1 )  [ RunTime:0.000000s ]
NOTIC: [8] Constant THEME_NAME already defined D:\wwwroot\www.hnlc58.com\Base\Lib\Core\View.class.php 第 223 行.
NOTIC: [8] Constant THEME_PATH already defined D:\wwwroot\www.hnlc58.com\Base\Lib\Core\View.class.php 第 174 行.
NOTIC: [8] Constant APP_TMPL_PATH already defined D:\wwwroot\www.hnlc58.com\Base\Lib\Core\View.class.php 第 175 行.
INFO: [ view_parse ] --START--
NOTIC: [8] Undefined variable: title D:\wwwroot\www.hnlc58.com\Temp\Cache\Admin\2a575352362a336d24106ac00001b43d.php 第 9 行.
NOTIC: [8] Undefined variable: title D:\wwwroot\www.hnlc58.com\Temp\Cache\Admin\2a575352362a336d24106ac00001b43d.php 第 374 行.
NOTIC: [8] Undefined variable: title D:\wwwroot\www.hnlc58.com\Temp\Cache\Admin\2a575352362a336d24106ac00001b43d.php 第 390 行.
NOTIC: [8] Undefined variable: catlist D:\wwwroot\www.hnlc58.com\Temp\Cache\Admin\2a575352362a336d24106ac00001b43d.php 第 412 行.
INFO: ParseTemplate Behavior ::run [ RunTime:0.062500s ]
INFO: [ view_parse ] --END-- [ RunTime:0.062500s ]
INFO: [ view_filter ] --START--
INFO: ContentReplace Behavior ::run [ RunTime:0.000000s ]
INFO: TokenBuild Behavior ::run [ RunTime:0.000000s ]
INFO: WriteHtmlCache Behavior ::run [ RunTime:0.000000s ]
INFO: ShowRuntime Behavior ::run [ RunTime:0.015625s ]
INFO: [ view_filter ] --END-- [ RunTime:0.015625s ]
INFO: [ view_end ] --START--
INFO: ShowPageTrace Behavior ::run [ RunTime:0.000000s ]
INFO: [ view_end ] --END-- [ RunTime:0.000000s ]

[ 2018-12-31T18:31:12+08:00 ] 23.98.38.94 /index.php?g=Admin&m=Article&a=addcatsk
INFO: [ app_begin ] --START--
INFO: ReadHtmlCache Behavior ::run [ RunTime:0.000000s ]
INFO: [ app_begin ] --END-- [ RunTime:0.000000s ]
SQL: SHOW COLUMNS FROM `order` [ RunTime:0.000000s ]
SQL: SELECT * FROM `order` WHERE ( `status` = 1 )  [ RunTime:0.000000s ]
NOTIC: [8] Constant THEME_NAME already defined D:\wwwroot\www.hnlc58.com\Base\Lib\Core\View.class.php 第 223 行.
NOTIC: [8] Constant THEME_PATH already defined D:\wwwroot\www.hnlc58.com\Base\Lib\Core\View.class.php 第 174 行.
NOTIC: [8] Constant APP_TMPL_PATH already defined D:\wwwroot\www.hnlc58.com\Base\Lib\Core\View.class.php 第 175 行.
INFO: [ view_parse ] --START--
NOTIC: [8] Undefined variable: title D:\wwwroot\www.hnlc58.com\Temp\Cache\Admin\2a575352362a336d24106ac00001b43d.php 第 9 行.
NOTIC: [8] Undefined variable: title D:\wwwroot\www.hnlc58.com\Temp\Cache\Admin\2a575352362a336d24106ac00001b43d.php 第 374 行.
NOTIC: [8] Undefined variable: title D:\wwwroot\www.hnlc58.com\Temp\Cache\Admin\2a575352362a336d24106ac00001b43d.php 第 390 行.
NOTIC: [8] Undefined variable: catlist D:\wwwroot\www.hnlc58.com\Temp\Cache\Admin\2a575352362a336d24106ac00001b43d.php 第 412 行.
INFO: ParseTemplate Behavior ::run [ RunTime:0.078125s ]
INFO: [ view_parse ] --END-- [ RunTime:0.078125s ]
INFO: [ view_filter ] --START--
INFO: ContentReplace Behavior ::run [ RunTime:0.000000s ]
INFO: TokenBuild Behavior ::run [ RunTime:0.000000s ]
INFO: WriteHtmlCache Behavior ::run [ RunTime:0.015625s ]
INFO: ShowRuntime Behavior ::run [ RunTime:0.000000s ]
INFO: [ view_filter ] --END-- [ RunTime:0.015625s ]
INFO: [ view_end ] --START--
INFO: ShowPageTrace Behavior ::run [ RunTime:0.015625s ]
INFO: [ view_end ] --END-- [ RunTime:0.015625s ]

[ 2018-12-31T18:31:15+08:00 ] 23.98.38.94 /index.php?g=Admin&m=Article&a=addcatzfbsk
INFO: [ app_begin ] --START--
INFO: ReadHtmlCache Behavior ::run [ RunTime:0.000000s ]
INFO: [ app_begin ] --END-- [ RunTime:0.000000s ]
SQL: SHOW COLUMNS FROM `order` [ RunTime:0.000000s ]
SQL: SELECT * FROM `order` WHERE ( `status` = 1 )  [ RunTime:0.000000s ]
NOTIC: [8] Constant THEME_NAME already defined D:\wwwroot\www.hnlc58.com\Base\Lib\Core\View.class.php 第 223 行.
NOTIC: [8] Constant THEME_PATH already defined D:\wwwroot\www.hnlc58.com\Base\Lib\Core\View.class.php 第 174 行.
NOTIC: [8] Constant APP_TMPL_PATH already defined D:\wwwroot\www.hnlc58.com\Base\Lib\Core\View.class.php 第 175 行.
INFO: [ view_parse ] --START--
NOTIC: [8] Undefined variable: title D:\wwwroot\www.hnlc58.com\Temp\Cache\Admin\0749de10dd0920833661410868a6f290.php 第 9 行.
NOTIC: [8] Undefined variable: title D:\wwwroot\www.hnlc58.com\Temp\Cache\Admin\0749de10dd0920833661410868a6f290.php 第 374 行.
NOTIC: [8] Undefined variable: title D:\wwwroot\www.hnlc58.com\Temp\Cache\Admin\0749de10dd0920833661410868a6f290.php 第 390 行.
NOTIC: [8] Undefined variable: catlist D:\wwwroot\www.hnlc58.com\Temp\Cache\Admin\0749de10dd0920833661410868a6f290.php 第 412 行.
INFO: ParseTemplate Behavior ::run [ RunTime:0.093750s ]
INFO: [ view_parse ] --END-- [ RunTime:0.093750s ]
INFO: [ view_filter ] --START--
INFO: ContentReplace Behavior ::run [ RunTime:0.000000s ]
INFO: TokenBuild Behavior ::run [ RunTime:0.015625s ]
INFO: WriteHtmlCache Behavior ::run [ RunTime:0.000000s ]
INFO: ShowRuntime Behavior ::run [ RunTime:0.000000s ]
INFO: [ view_filter ] --END-- [ RunTime:0.015625s ]
INFO: [ view_end ] --START--
INFO: ShowPageTrace Behavior ::run [ RunTime:0.000000s ]
INFO: [ view_end ] --END-- [ RunTime:0.000000s ]

[ 2018-12-31T18:31:41+08:00 ] 23.98.38.94 /
INFO: [ app_begin ] --START--
INFO: ReadHtmlCache Behavior ::run [ RunTime:0.000000s ]
INFO: [ app_begin ] --END-- [ RunTime:0.000000s ]
SQL: SHOW COLUMNS FROM `order` [ RunTime:0.000000s ]
SQL: SELECT * FROM `order` WHERE ( `status` = 1 )  [ RunTime:0.000000s ]
NOTIC: [8] Undefined index: user D:\wwwroot\www.hnlc58.com\App\Lib\Action\Home\CommonAction.class.php 第 24 行.
NOTIC: [8] Undefined index: user D:\wwwroot\www.hnlc58.com\App\Lib\Action\Home\CommonAction.class.php 第 51 行.
INFO: [ view_parse ] --START--
SQL: SHOW COLUMNS FROM `block` [ RunTime:0.000000s ]
SQL: SELECT * FROM `block` WHERE ( `name` = '首页底部公司名' ) LIMIT 1   [ RunTime:0.000000s ]
SQL: SELECT * FROM `block` WHERE ( `name` = '协议1地址' ) LIMIT 1   [ RunTime:0.000000s ]
SQL: SELECT * FROM `block` WHERE ( `name` = '协议3地址' ) LIMIT 1   [ RunTime:0.015625s ]
SQL: SELECT * FROM `block` WHERE ( `name` = '协议2地址' ) LIMIT 1   [ RunTime:0.000000s ]
INFO: ParseTemplate Behavior ::run [ RunTime:0.062500s ]
INFO: [ view_parse ] --END-- [ RunTime:0.062500s ]
INFO: [ view_filter ] --START--
INFO: ContentReplace Behavior ::run [ RunTime:0.000000s ]
INFO: TokenBuild Behavior ::run [ RunTime:0.000000s ]
INFO: WriteHtmlCache Behavior ::run [ RunTime:0.015625s ]
INFO: ShowRuntime Behavior ::run [ RunTime:0.000000s ]
INFO: [ view_filter ] --END-- [ RunTime:0.015625s ]
INFO: [ view_end ] --START--
INFO: ShowPageTrace Behavior ::run [ RunTime:0.000000s ]
INFO: [ view_end ] --END-- [ RunTime:0.000000s ]

[ 2018-12-31T18:31:44+08:00 ] 23.98.38.94 /index.php?m=Index&a=member
INFO: [ app_begin ] --START--
INFO: ReadHtmlCache Behavior ::run [ RunTime:0.000000s ]
INFO: [ app_begin ] --END-- [ RunTime:0.000000s ]
SQL: SHOW COLUMNS FROM `order` [ RunTime:0.000000s ]
SQL: SELECT * FROM `order` WHERE ( `status` = 1 )  [ RunTime:0.000000s ]
NOTIC: [8] Undefined index: user D:\wwwroot\www.hnlc58.com\App\Lib\Action\Home\CommonAction.class.php 第 24 行.
NOTIC: [8] Constant THEME_NAME already defined D:\wwwroot\www.hnlc58.com\Base\Lib\Core\View.class.php 第 223 行.
NOTIC: [8] Constant THEME_PATH already defined D:\wwwroot\www.hnlc58.com\Base\Lib\Core\View.class.php 第 174 行.
NOTIC: [8] Constant APP_TMPL_PATH already defined D:\wwwroot\www.hnlc58.com\Base\Lib\Core\View.class.php 第 175 行.
INFO: [ view_parse ] --START--
INFO: ParseTemplate Behavior ::run [ RunTime:0.031250s ]
INFO: [ view_parse ] --END-- [ RunTime:0.031250s ]
INFO: [ view_filter ] --START--
INFO: ContentReplace Behavior ::run [ RunTime:0.015625s ]
INFO: TokenBuild Behavior ::run [ RunTime:0.000000s ]
INFO: WriteHtmlCache Behavior ::run [ RunTime:0.000000s ]
INFO: ShowRuntime Behavior ::run [ RunTime:0.000000s ]
INFO: [ view_filter ] --END-- [ RunTime:0.015625s ]
INFO: [ view_end ] --START--
INFO: ShowPageTrace Behavior ::run [ RunTime:0.000000s ]
INFO: [ view_end ] --END-- [ RunTime:0.000000s ]

[ 2018-12-31T18:34:42+08:00 ] 52.53.201.78 /
INFO: [ app_begin ] --START--
INFO: ReadHtmlCache Behavior ::run [ RunTime:0.015625s ]
INFO: [ app_begin ] --END-- [ RunTime:0.015625s ]
SQL: SHOW COLUMNS FROM `order` [ RunTime:0.000000s ]
SQL: SELECT * FROM `order` WHERE ( `status` = 1 )  [ RunTime:0.000000s ]
NOTIC: [8] Undefined index: user D:\wwwroot\www.hnlc58.com\App\Lib\Action\Home\CommonAction.class.php 第 24 行.
NOTIC: [8] Undefined index: user D:\wwwroot\www.hnlc58.com\App\Lib\Action\Home\CommonAction.class.php 第 51 行.
INFO: [ view_parse ] --START--
SQL: SHOW COLUMNS FROM `block` [ RunTime:0.000000s ]
SQL: SELECT * FROM `block` WHERE ( `name` = '首页底部公司名' ) LIMIT 1   [ RunTime:0.000000s ]
SQL: SELECT * FROM `block` WHERE ( `name` = '协议1地址' ) LIMIT 1   [ RunTime:0.000000s ]
SQL: SELECT * FROM `block` WHERE ( `name` = '协议3地址' ) LIMIT 1   [ RunTime:0.000000s ]
SQL: SELECT * FROM `block` WHERE ( `name` = '协议2地址' ) LIMIT 1   [ RunTime:0.000000s ]
INFO: ParseTemplate Behavior ::run [ RunTime:0.062500s ]
INFO: [ view_parse ] --END-- [ RunTime:0.062500s ]
INFO: [ view_filter ] --START--
INFO: ContentReplace Behavior ::run [ RunTime:0.000000s ]
INFO: TokenBuild Behavior ::run [ RunTime:0.000000s ]
INFO: WriteHtmlCache Behavior ::run [ RunTime:0.000000s ]
INFO: ShowRuntime Behavior ::run [ RunTime:0.000000s ]
INFO: [ view_filter ] --END-- [ RunTime:0.000000s ]
INFO: [ view_end ] --START--
INFO: ShowPageTrace Behavior ::run [ RunTime:0.000000s ]
INFO: [ view_end ] --END-- [ RunTime:0.000000s ]

[ 2018-12-31T18:37:28+08:00 ] 23.98.38.94 /index.php?g=Admin&m=System&a=index
INFO: [ app_begin ] --START--
INFO: ReadHtmlCache Behavior ::run [ RunTime:0.000000s ]
INFO: [ app_begin ] --END-- [ RunTime:0.000000s ]
SQL: SHOW COLUMNS FROM `order` [ RunTime:0.000000s ]
SQL: SELECT * FROM `order` WHERE ( `status` = 1 )  [ RunTime:0.000000s ]
INFO: [ view_parse ] --START--
INFO: ParseTemplate Behavior ::run [ RunTime:0.078125s ]
INFO: [ view_parse ] --END-- [ RunTime:0.078125s ]
INFO: [ view_filter ] --START--
INFO: ContentReplace Behavior ::run [ RunTime:0.000000s ]
INFO: TokenBuild Behavior ::run [ RunTime:0.000000s ]
INFO: WriteHtmlCache Behavior ::run [ RunTime:0.000000s ]
INFO: ShowRuntime Behavior ::run [ RunTime:0.000000s ]
INFO: [ view_filter ] --END-- [ RunTime:0.000000s ]
INFO: [ view_end ] --START--
INFO: ShowPageTrace Behavior ::run [ RunTime:0.000000s ]
INFO: [ view_end ] --END-- [ RunTime:0.000000s ]

[ 2018-12-31T18:37:50+08:00 ] 23.98.38.94 /index.php?g=Admin&m=System&a=index
INFO: [ app_begin ] --START--
INFO: ReadHtmlCache Behavior ::run [ RunTime:0.000000s ]
INFO: [ app_begin ] --END-- [ RunTime:0.000000s ]
SQL: SHOW COLUMNS FROM `order` [ RunTime:0.000000s ]
SQL: SELECT * FROM `order` WHERE ( `status` = 1 )  [ RunTime:0.000000s ]
INFO: [ view_parse ] --START--
INFO: ParseTemplate Behavior ::run [ RunTime:0.109375s ]
INFO: [ view_parse ] --END-- [ RunTime:0.109375s ]
INFO: [ view_filter ] --START--
INFO: ContentReplace Behavior ::run [ RunTime:0.000000s ]
INFO: TokenBuild Behavior ::run [ RunTime:0.000000s ]
INFO: WriteHtmlCache Behavior ::run [ RunTime:0.000000s ]
INFO: ShowRuntime Behavior ::run [ RunTime:0.000000s ]
INFO: [ view_filter ] --END-- [ RunTime:0.000000s ]
INFO: [ view_end ] --START--
INFO: ShowPageTrace Behavior ::run [ RunTime:0.000000s ]
INFO: [ view_end ] --END-- [ RunTime:0.000000s ]

[ 2018-12-31T18:37:52+08:00 ] 23.98.38.94 /index.php?g=Admin&m=System&a=index
INFO: [ app_begin ] --START--
INFO: ReadHtmlCache Behavior ::run [ RunTime:0.000000s ]
INFO: [ app_begin ] --END-- [ RunTime:0.000000s ]
SQL: SHOW COLUMNS FROM `order` [ RunTime:0.000000s ]
SQL: SELECT * FROM `order` WHERE ( `status` = 1 )  [ RunTime:0.000000s ]
INFO: [ view_parse ] --START--
INFO: ParseTemplate Behavior ::run [ RunTime:0.062500s ]
INFO: [ view_parse ] --END-- [ RunTime:0.062500s ]
INFO: [ view_filter ] --START--
INFO: ContentReplace Behavior ::run [ RunTime:0.000000s ]
INFO: TokenBuild Behavior ::run [ RunTime:0.000000s ]
INFO: WriteHtmlCache Behavior ::run [ RunTime:0.015625s ]
INFO: ShowRuntime Behavior ::run [ RunTime:0.000000s ]
INFO: [ view_filter ] --END-- [ RunTime:0.015625s ]
INFO: [ view_end ] --START--
INFO: ShowPageTrace Behavior ::run [ RunTime:0.000000s ]
INFO: [ view_end ] --END-- [ RunTime:0.000000s ]

[ 2018-12-31T19:14:00+08:00 ] 183.61.51.67 /
INFO: [ app_begin ] --START--
INFO: ReadHtmlCache Behavior ::run [ RunTime:0.015625s ]
INFO: [ app_begin ] --END-- [ RunTime:0.015625s ]
SQL: SHOW COLUMNS FROM `order` [ RunTime:0.000000s ]
SQL: SELECT * FROM `order` WHERE ( `status` = 1 )  [ RunTime:0.000000s ]
NOTIC: [8] Undefined index: user D:\wwwroot\www.hnlc58.com\App\Lib\Action\Home\CommonAction.class.php 第 24 行.
NOTIC: [8] Undefined index: user D:\wwwroot\www.hnlc58.com\App\Lib\Action\Home\CommonAction.class.php 第 51 行.
INFO: [ view_parse ] --START--
SQL: SHOW COLUMNS FROM `block` [ RunTime:0.000000s ]
SQL: SELECT * FROM `block` WHERE ( `name` = '首页底部公司名' ) LIMIT 1   [ RunTime:0.000000s ]
SQL: SELECT * FROM `block` WHERE ( `name` = '协议1地址' ) LIMIT 1   [ RunTime:0.000000s ]
SQL: SELECT * FROM `block` WHERE ( `name` = '协议3地址' ) LIMIT 1   [ RunTime:0.000000s ]
SQL: SELECT * FROM `block` WHERE ( `name` = '协议2地址' ) LIMIT 1   [ RunTime:0.000000s ]
INFO: ParseTemplate Behavior ::run [ RunTime:0.109375s ]
INFO: [ view_parse ] --END-- [ RunTime:0.109375s ]
INFO: [ view_filter ] --START--
INFO: ContentReplace Behavior ::run [ RunTime:0.000000s ]
INFO: TokenBuild Behavior ::run [ RunTime:0.000000s ]
INFO: WriteHtmlCache Behavior ::run [ RunTime:0.000000s ]
INFO: ShowRuntime Behavior ::run [ RunTime:0.000000s ]
INFO: [ view_filter ] --END-- [ RunTime:0.000000s ]
INFO: [ view_end ] --START--
INFO: ShowPageTrace Behavior ::run [ RunTime:0.015625s ]
INFO: [ view_end ] --END-- [ RunTime:0.015625s ]

[ 2018-12-31T19:15:35+08:00 ] 139.214.244.180 /
INFO: [ app_begin ] --START--
INFO: ReadHtmlCache Behavior ::run [ RunTime:0.000000s ]
INFO: [ app_begin ] --END-- [ RunTime:0.000000s ]
SQL: SHOW COLUMNS FROM `order` [ RunTime:0.000000s ]
SQL: SELECT * FROM `order` WHERE ( `status` = 1 )  [ RunTime:0.000000s ]
NOTIC: [8] Undefined index: user D:\wwwroot\www.hnlc58.com\App\Lib\Action\Home\CommonAction.class.php 第 24 行.
NOTIC: [8] Undefined index: user D:\wwwroot\www.hnlc58.com\App\Lib\Action\Home\CommonAction.class.php 第 51 行.
INFO: [ view_parse ] --START--
SQL: SHOW COLUMNS FROM `block` [ RunTime:0.000000s ]
SQL: SELECT * FROM `block` WHERE ( `name` = '首页底部公司名' ) LIMIT 1   [ RunTime:0.000000s ]
SQL: SELECT * FROM `block` WHERE ( `name` = '协议1地址' ) LIMIT 1   [ RunTime:0.000000s ]
SQL: SELECT * FROM `block` WHERE ( `name` = '协议3地址' ) LIMIT 1   [ RunTime:0.000000s ]
SQL: SELECT * FROM `block` WHERE ( `name` = '协议2地址' ) LIMIT 1   [ RunTime:0.000000s ]
INFO: ParseTemplate Behavior ::run [ RunTime:0.062500s ]
INFO: [ view_parse ] --END-- [ RunTime:0.062500s ]
INFO: [ view_filter ] --START--
INFO: ContentReplace Behavior ::run [ RunTime:0.000000s ]
INFO: TokenBuild Behavior ::run [ RunTime:0.000000s ]
INFO: WriteHtmlCache Behavior ::run [ RunTime:0.000000s ]
INFO: ShowRuntime Behavior ::run [ RunTime:0.000000s ]
INFO: [ view_filter ] --END-- [ RunTime:0.000000s ]
INFO: [ view_end ] --START--
INFO: ShowPageTrace Behavior ::run [ RunTime:0.000000s ]
INFO: [ view_end ] --END-- [ RunTime:0.000000s ]

[ 2018-12-31T19:15:42+08:00 ] 139.214.244.180 /index.php?m=Index&a=member
INFO: [ app_begin ] --START--
INFO: ReadHtmlCache Behavior ::run [ RunTime:0.000000s ]
INFO: [ app_begin ] --END-- [ RunTime:0.000000s ]
SQL: SHOW COLUMNS FROM `order` [ RunTime:0.000000s ]
SQL: SELECT * FROM `order` WHERE ( `status` = 1 )  [ RunTime:0.000000s ]
NOTIC: [8] Undefined index: user D:\wwwroot\www.hnlc58.com\App\Lib\Action\Home\CommonAction.class.php 第 24 行.
NOTIC: [8] Constant THEME_NAME already defined D:\wwwroot\www.hnlc58.com\Base\Lib\Core\View.class.php 第 223 行.
NOTIC: [8] Constant THEME_PATH already defined D:\wwwroot\www.hnlc58.com\Base\Lib\Core\View.class.php 第 174 行.
NOTIC: [8] Constant APP_TMPL_PATH already defined D:\wwwroot\www.hnlc58.com\Base\Lib\Core\View.class.php 第 175 行.
INFO: [ view_parse ] --START--
INFO: ParseTemplate Behavior ::run [ RunTime:0.015625s ]
INFO: [ view_parse ] --END-- [ RunTime:0.015625s ]
INFO: [ view_filter ] --START--
INFO: ContentReplace Behavior ::run [ RunTime:0.015625s ]
INFO: TokenBuild Behavior ::run [ RunTime:0.000000s ]
INFO: WriteHtmlCache Behavior ::run [ RunTime:0.000000s ]
INFO: ShowRuntime Behavior ::run [ RunTime:0.000000s ]
INFO: [ view_filter ] --END-- [ RunTime:0.015625s ]
INFO: [ view_end ] --START--
INFO: ShowPageTrace Behavior ::run [ RunTime:0.000000s ]
INFO: [ view_end ] --END-- [ RunTime:0.015625s ]

[ 2018-12-31T19:15:51+08:00 ] 139.214.244.180 /index.php?m=User&a=index
INFO: [ app_begin ] --START--
INFO: ReadHtmlCache Behavior ::run [ RunTime:0.000000s ]
INFO: [ app_begin ] --END-- [ RunTime:0.000000s ]
SQL: SHOW COLUMNS FROM `order` [ RunTime:0.000000s ]
SQL: SELECT * FROM `order` WHERE ( `status` = 1 )  [ RunTime:0.000000s ]
NOTIC: [8] Undefined index: user D:\wwwroot\www.hnlc58.com\App\Lib\Action\Home\CommonAction.class.php 第 24 行.
NOTIC: [8] Undefined index: user D:\wwwroot\www.hnlc58.com\App\Lib\Action\Home\CommonAction.class.php 第 51 行.
INFO: [ view_parse ] --START--
INFO: ParseTemplate Behavior ::run [ RunTime:0.031250s ]
INFO: [ view_parse ] --END-- [ RunTime:0.031250s ]
INFO: [ view_filter ] --START--
INFO: ContentReplace Behavior ::run [ RunTime:0.000000s ]
INFO: TokenBuild Behavior ::run [ RunTime:0.000000s ]
INFO: WriteHtmlCache Behavior ::run [ RunTime:0.000000s ]
INFO: ShowRuntime Behavior ::run [ RunTime:0.000000s ]
INFO: [ view_filter ] --END-- [ RunTime:0.000000s ]
INFO: [ view_end ] --START--
INFO: ShowPageTrace Behavior ::run [ RunTime:0.000000s ]
INFO: [ view_end ] --END-- [ RunTime:0.000000s ]

[ 2018-12-31T19:16:19+08:00 ] 139.214.244.180 /index.php?m=User&a=login
INFO: [ app_begin ] --START--
INFO: ReadHtmlCache Behavior ::run [ RunTime:0.000000s ]
INFO: [ app_begin ] --END-- [ RunTime:0.000000s ]
SQL: SHOW COLUMNS FROM `order` [ RunTime:0.000000s ]
SQL: SELECT * FROM `order` WHERE ( `status` = 1 )  [ RunTime:0.000000s ]
NOTIC: [8] Undefined index: user D:\wwwroot\www.hnlc58.com\App\Lib\Action\Home\CommonAction.class.php 第 24 行.
NOTIC: [8] Undefined index: user D:\wwwroot\www.hnlc58.com\App\Lib\Action\Home\CommonAction.class.php 第 51 行.
INFO: [ view_parse ] --START--
INFO: ParseTemplate Behavior ::run [ RunTime:0.046875s ]
INFO: [ view_parse ] --END-- [ RunTime:0.046875s ]
INFO: [ view_filter ] --START--
INFO: ContentReplace Behavior ::run [ RunTime:0.000000s ]
INFO: TokenBuild Behavior ::run [ RunTime:0.000000s ]
INFO: WriteHtmlCache Behavior ::run [ RunTime:0.000000s ]
INFO: ShowRuntime Behavior ::run [ RunTime:0.000000s ]
INFO: [ view_filter ] --END-- [ RunTime:0.000000s ]
INFO: [ view_end ] --START--
INFO: ShowPageTrace Behavior ::run [ RunTime:0.015625s ]
INFO: [ view_end ] --END-- [ RunTime:0.015625s ]

[ 2018-12-31T19:16:23+08:00 ] 139.214.244.180 /index.php?m=User&a=signup
INFO: [ app_begin ] --START--
INFO: ReadHtmlCache Behavior ::run [ RunTime:0.000000s ]
INFO: [ app_begin ] --END-- [ RunTime:0.000000s ]
SQL: SHOW COLUMNS FROM `order` [ RunTime:0.000000s ]
SQL: SELECT * FROM `order` WHERE ( `status` = 1 )  [ RunTime:0.000000s ]
NOTIC: [8] Undefined index: user D:\wwwroot\www.hnlc58.com\App\Lib\Action\Home\CommonAction.class.php 第 24 行.
INFO: [ view_parse ] --START--
NOTIC: [8] Undefined variable: tuima D:\wwwroot\www.hnlc58.com\Temp\Cache\Home\b2fb1e3f9d420c80aa164402edddb054.php 第 124 行.
INFO: ParseTemplate Behavior ::run [ RunTime:0.062500s ]
INFO: [ view_parse ] --END-- [ RunTime:0.062500s ]
INFO: [ view_filter ] --START--
INFO: ContentReplace Behavior ::run [ RunTime:0.000000s ]
INFO: TokenBuild Behavior ::run [ RunTime:0.000000s ]
INFO: WriteHtmlCache Behavior ::run [ RunTime:0.000000s ]
INFO: ShowRuntime Behavior ::run [ RunTime:0.000000s ]
INFO: [ view_filter ] --END-- [ RunTime:0.000000s ]
INFO: [ view_end ] --START--
INFO: ShowPageTrace Behavior ::run [ RunTime:0.015625s ]
INFO: [ view_end ] --END-- [ RunTime:0.015625s ]

[ 2018-12-31T19:16:25+08:00 ] 139.214.244.180 /index.php?m=Common&a=verify&time=1546254993000
INFO: [ app_begin ] --START--
INFO: ReadHtmlCache Behavior ::run [ RunTime:0.000000s ]
INFO: [ app_begin ] --END-- [ RunTime:0.000000s ]
SQL: SHOW COLUMNS FROM `order` [ RunTime:0.000000s ]
SQL: SELECT * FROM `order` WHERE ( `status` = 1 )  [ RunTime:0.000000s ]
NOTIC: [8] Undefined index: user D:\wwwroot\www.hnlc58.com\App\Lib\Action\Home\CommonAction.class.php 第 24 行.

[ 2018-12-31T19:16:36+08:00 ] 139.214.244.180 /index.php?m=User&a=sendsmscode
INFO: [ app_begin ] --START--
INFO: ReadHtmlCache Behavior ::run [ RunTime:0.000000s ]
INFO: [ app_begin ] --END-- [ RunTime:0.000000s ]
SQL: SHOW COLUMNS FROM `order` [ RunTime:0.000000s ]
SQL: SELECT * FROM `order` WHERE ( `status` = 1 )  [ RunTime:0.000000s ]
NOTIC: [8] Undefined index: user D:\wwwroot\www.hnlc58.com\App\Lib\Action\Home\CommonAction.class.php 第 24 行.
SQL: SHOW COLUMNS FROM `user` [ RunTime:0.000000s ]
SQL: SELECT COUNT(*) AS tp_count FROM `user` WHERE ( `phone` = '17604307186' ) LIMIT 1   [ RunTime:0.031250s ]
SQL: SHOW COLUMNS FROM `smscode` [ RunTime:0.000000s ]
SQL: SELECT COUNT(*) AS tp_count FROM `smscode` WHERE ( `phone` = '17604307186' ) AND ( `sendtime` > 1546185600 ) LIMIT 1   [ RunTime:0.000000s ]
SQL: SELECT COUNT(*) AS tp_count FROM `smscode` WHERE ( `sendtime` > 1546254935 ) LIMIT 1   [ RunTime:0.000000s ]
SQL: INSERT INTO `smscode` (`phone`,`code`,`sendtime`) VALUES ('17604307186','416478',1546254995) [ RunTime:0.000000s ]

[ 2018-12-31T19:20:21+08:00 ] 139.214.246.250 /index.php?g=Admin&m=Admin&a=index
INFO: [ app_begin ] --START--
INFO: ReadHtmlCache Behavior ::run [ RunTime:0.000000s ]
INFO: [ app_begin ] --END-- [ RunTime:0.000000s ]
SQL: SHOW COLUMNS FROM `order` [ RunTime:0.000000s ]
SQL: SELECT * FROM `order` WHERE ( `status` = 1 )  [ RunTime:0.000000s ]
SQL: SHOW COLUMNS FROM `admin` [ RunTime:0.000000s ]
SQL: SELECT COUNT(*) AS tp_count FROM `admin` LIMIT 1   [ RunTime:0.000000s ]
SQL: SELECT * FROM `admin` ORDER BY addtime LIMIT 0,25   [ RunTime:0.000000s ]
INFO: [ view_parse ] --START--
INFO: ParseTemplate Behavior ::run [ RunTime:0.078125s ]
INFO: [ view_parse ] --END-- [ RunTime:0.078125s ]
INFO: [ view_filter ] --START--
INFO: ContentReplace Behavior ::run [ RunTime:0.000000s ]
INFO: TokenBuild Behavior ::run [ RunTime:0.000000s ]
INFO: WriteHtmlCache Behavior ::run [ RunTime:0.000000s ]
INFO: ShowRuntime Behavior ::run [ RunTime:0.000000s ]
INFO: [ view_filter ] --END-- [ RunTime:0.000000s ]
INFO: [ view_end ] --START--
INFO: ShowPageTrace Behavior ::run [ RunTime:0.000000s ]
INFO: [ view_end ] --END-- [ RunTime:0.000000s ]

[ 2018-12-31T19:20:26+08:00 ] 139.214.246.250 /index.php?g=Admin&m=Admin&a=del&id=8
INFO: [ app_begin ] --START--
INFO: ReadHtmlCache Behavior ::run [ RunTime:0.000000s ]
INFO: [ app_begin ] --END-- [ RunTime:0.000000s ]
SQL: SHOW COLUMNS FROM `order` [ RunTime:0.000000s ]
SQL: SELECT * FROM `order` WHERE ( `status` = 1 )  [ RunTime:0.000000s ]
SQL: SHOW COLUMNS FROM `admin` [ RunTime:0.015625s ]
SQL: SELECT COUNT(*) AS tp_count FROM `admin` WHERE ( `status` = 1 ) LIMIT 1   [ RunTime:0.000000s ]
SQL: DELETE FROM `admin` WHERE ( `id` = 8 ) [ RunTime:0.015625s ]
INFO: [ view_parse ] --START--
INFO: ParseTemplate Behavior ::run [ RunTime:0.046875s ]
INFO: [ view_parse ] --END-- [ RunTime:0.046875s ]
INFO: [ view_filter ] --START--
INFO: ContentReplace Behavior ::run [ RunTime:0.000000s ]
INFO: TokenBuild Behavior ::run [ RunTime:0.000000s ]
INFO: WriteHtmlCache Behavior ::run [ RunTime:0.000000s ]
INFO: ShowRuntime Behavior ::run [ RunTime:0.000000s ]
INFO: [ view_filter ] --END-- [ RunTime:0.000000s ]
INFO: [ view_end ] --START--
INFO: ShowPageTrace Behavior ::run [ RunTime:0.000000s ]
INFO: [ view_end ] --END-- [ RunTime:0.000000s ]

[ 2018-12-31T19:20:29+08:00 ] 139.214.246.250 /index.php?g=Admin&m=Admin&a=index
INFO: [ app_begin ] --START--
INFO: ReadHtmlCache Behavior ::run [ RunTime:0.000000s ]
INFO: [ app_begin ] --END-- [ RunTime:0.000000s ]
SQL: SHOW COLUMNS FROM `order` [ RunTime:0.000000s ]
SQL: SELECT * FROM `order` WHERE ( `status` = 1 )  [ RunTime:0.000000s ]
SQL: SHOW COLUMNS FROM `admin` [ RunTime:0.000000s ]
SQL: SELECT COUNT(*) AS tp_count FROM `admin` LIMIT 1   [ RunTime:0.000000s ]
SQL: SELECT * FROM `admin` ORDER BY addtime LIMIT 0,25   [ RunTime:0.000000s ]
INFO: [ view_parse ] --START--
INFO: ParseTemplate Behavior ::run [ RunTime:0.046875s ]
INFO: [ view_parse ] --END-- [ RunTime:0.046875s ]
INFO: [ view_filter ] --START--
INFO: ContentReplace Behavior ::run [ RunTime:0.000000s ]
INFO: TokenBuild Behavior ::run [ RunTime:0.000000s ]
INFO: WriteHtmlCache Behavior ::run [ RunTime:0.015625s ]
INFO: ShowRuntime Behavior ::run [ RunTime:0.000000s ]
INFO: [ view_filter ] --END-- [ RunTime:0.015625s ]
INFO: [ view_end ] --START--
INFO: ShowPageTrace Behavior ::run [ RunTime:0.000000s ]
INFO: [ view_end ] --END-- [ RunTime:0.000000s ]

[ 2018-12-31T19:20:31+08:00 ] 139.214.246.250 /index.php?g=Admin&m=Admin&a=edit&editid=3
INFO: [ app_begin ] --START--
INFO: ReadHtmlCache Behavior ::run [ RunTime:0.000000s ]
INFO: [ app_begin ] --END-- [ RunTime:0.000000s ]
SQL: SHOW COLUMNS FROM `order` [ RunTime:0.000000s ]
SQL: SELECT * FROM `order` WHERE ( `status` = 1 )  [ RunTime:0.000000s ]
SQL: SHOW COLUMNS FROM `admin` [ RunTime:0.015625s ]
SQL: SELECT * FROM `admin` WHERE ( `id` = 3 ) LIMIT 1   [ RunTime:0.000000s ]
INFO: [ view_parse ] --START--
NOTIC: [8] Use of undefined constant status - assumed 'status' D:\wwwroot\www.hnlc58.com\Temp\Cache\Admin\f09ecb7d4bf4db22ee860e0a6929a864.php 第 442 行.
NOTIC: [8] Use of undefined constant status - assumed 'status' D:\wwwroot\www.hnlc58.com\Temp\Cache\Admin\f09ecb7d4bf4db22ee860e0a6929a864.php 第 452 行.
INFO: ParseTemplate Behavior ::run [ RunTime:0.046875s ]
INFO: [ view_parse ] --END-- [ RunTime:0.046875s ]
INFO: [ view_filter ] --START--
INFO: ContentReplace Behavior ::run [ RunTime:0.015625s ]
INFO: TokenBuild Behavior ::run [ RunTime:0.000000s ]
INFO: WriteHtmlCache Behavior ::run [ RunTime:0.000000s ]
INFO: ShowRuntime Behavior ::run [ RunTime:0.000000s ]
INFO: [ view_filter ] --END-- [ RunTime:0.015625s ]
INFO: [ view_end ] --START--
INFO: ShowPageTrace Behavior ::run [ RunTime:0.000000s ]
INFO: [ view_end ] --END-- [ RunTime:0.000000s ]

[ 2018-12-31T19:20:39+08:00 ] 139.214.246.250 /index.php?g=Admin&m=Admin&a=edit
INFO: [ app_begin ] --START--
INFO: ReadHtmlCache Behavior ::run [ RunTime:0.000000s ]
INFO: [ app_begin ] --END-- [ RunTime:0.000000s ]
SQL: SHOW COLUMNS FROM `order` [ RunTime:0.000000s ]
SQL: SELECT * FROM `order` WHERE ( `status` = 1 )  [ RunTime:0.000000s ]
SQL: SHOW COLUMNS FROM `admin` [ RunTime:0.000000s ]
SQL: SELECT * FROM `admin` WHERE ( `id` = 3 ) LIMIT 1   [ RunTime:0.000000s ]
SQL: SELECT COUNT(*) AS tp_count FROM `admin` WHERE ( `status` = 1 ) LIMIT 1   [ RunTime:0.000000s ]
SQL: SELECT * FROM `admin` WHERE ( `username` = 'admin' ) LIMIT 1   [ RunTime:0.000000s ]
SQL: UPDATE `admin` SET `username`='admin',`status`=1 WHERE ( `id` = 3 ) [ RunTime:0.015625s ]
SQL: UPDATE `admin` SET `password`='f11ec7022bbe2bf69670d1a181646f0e' WHERE ( `id` = 3 ) [ RunTime:0.000000s ]
INFO: [ view_parse ] --START--
INFO: ParseTemplate Behavior ::run [ RunTime:0.031250s ]
INFO: [ view_parse ] --END-- [ RunTime:0.031250s ]
INFO: [ view_filter ] --START--
INFO: ContentReplace Behavior ::run [ RunTime:0.000000s ]
INFO: TokenBuild Behavior ::run [ RunTime:0.015625s ]
INFO: WriteHtmlCache Behavior ::run [ RunTime:0.000000s ]
INFO: ShowRuntime Behavior ::run [ RunTime:0.000000s ]
INFO: [ view_filter ] --END-- [ RunTime:0.015625s ]
INFO: [ view_end ] --START--
INFO: ShowPageTrace Behavior ::run [ RunTime:0.000000s ]
INFO: [ view_end ] --END-- [ RunTime:0.000000s ]
SQL: SELECT * FROM `admin` WHERE ( `id` = 0 ) LIMIT 1   [ RunTime:0.000000s ]
NOTIC: [8] Constant THEME_PATH already defined D:\wwwroot\www.hnlc58.com\Base\Lib\Core\View.class.php 第 154 行.
NOTIC: [8] Constant APP_TMPL_PATH already defined D:\wwwroot\www.hnlc58.com\Base\Lib\Core\View.class.php 第 155 行.
INFO: [ view_parse ] --START--
INFO: ParseTemplate Behavior ::run [ RunTime:0.015625s ]
INFO: [ view_parse ] --END-- [ RunTime:-0.031250s ]
INFO: [ view_filter ] --START--
INFO: ContentReplace Behavior ::run [ RunTime:0.000000s ]
INFO: TokenBuild Behavior ::run [ RunTime:0.000000s ]
INFO: WriteHtmlCache Behavior ::run [ RunTime:0.000000s ]
INFO: ShowRuntime Behavior ::run [ RunTime:0.000000s ]
INFO: [ view_filter ] --END-- [ RunTime:-0.031250s ]
NOTIC: [2] Cannot modify header information - headers already sent by (output started at D:\wwwroot\www.hnlc58.com\Base\Lib\Core\View.class.php:99) D:\wwwroot\www.hnlc58.com\Base\Lib\Core\View.class.php 第 95 行.
NOTIC: [2] Cannot modify header information - headers already sent by (output started at D:\wwwroot\www.hnlc58.com\Base\Lib\Core\View.class.php:99) D:\wwwroot\www.hnlc58.com\Base\Lib\Core\View.class.php 第 96 行.
NOTIC: [2] Cannot modify header information - headers already sent by (output started at D:\wwwroot\www.hnlc58.com\Base\Lib\Core\View.class.php:99) D:\wwwroot\www.hnlc58.com\Base\Lib\Core\View.class.php 第 97 行.
INFO: [ view_end ] --START--
INFO: ShowPageTrace Behavior ::run [ RunTime:0.000000s ]
INFO: [ view_end ] --END-- [ RunTime:-0.031250s ]

[ 2018-12-31T19:20:41+08:00 ] 139.214.246.250 /index.php?g=Admin&m=Admin&a=edit&editid=3
INFO: [ app_begin ] --START--
INFO: ReadHtmlCache Behavior ::run [ RunTime:0.015625s ]
INFO: [ app_begin ] --END-- [ RunTime:0.015625s ]
SQL: SHOW COLUMNS FROM `order` [ RunTime:0.000000s ]
SQL: SELECT * FROM `order` WHERE ( `status` = 1 )  [ RunTime:0.000000s ]
SQL: SHOW COLUMNS FROM `admin` [ RunTime:0.000000s ]
SQL: SELECT * FROM `admin` WHERE ( `id` = 3 ) LIMIT 1   [ RunTime:0.000000s ]
INFO: [ view_parse ] --START--
NOTIC: [8] Use of undefined constant status - assumed 'status' D:\wwwroot\www.hnlc58.com\Temp\Cache\Admin\f09ecb7d4bf4db22ee860e0a6929a864.php 第 442 行.
NOTIC: [8] Use of undefined constant status - assumed 'status' D:\wwwroot\www.hnlc58.com\Temp\Cache\Admin\f09ecb7d4bf4db22ee860e0a6929a864.php 第 452 行.
INFO: ParseTemplate Behavior ::run [ RunTime:0.062500s ]
INFO: [ view_parse ] --END-- [ RunTime:0.062500s ]
INFO: [ view_filter ] --START--
INFO: ContentReplace Behavior ::run [ RunTime:0.000000s ]
INFO: TokenBuild Behavior ::run [ RunTime:0.000000s ]
INFO: WriteHtmlCache Behavior ::run [ RunTime:0.000000s ]
INFO: ShowRuntime Behavior ::run [ RunTime:0.000000s ]
INFO: [ view_filter ] --END-- [ RunTime:0.000000s ]
INFO: [ view_end ] --START--
INFO: ShowPageTrace Behavior ::run [ RunTime:0.000000s ]
INFO: [ view_end ] --END-- [ RunTime:0.000000s ]

[ 2018-12-31T19:20:43+08:00 ] 139.214.246.250 /index.php?g=Admin&m=Admin&a=edit&editid=3
INFO: [ app_begin ] --START--
INFO: ReadHtmlCache Behavior ::run [ RunTime:0.000000s ]
INFO: [ app_begin ] --END-- [ RunTime:0.000000s ]
SQL: SHOW COLUMNS FROM `order` [ RunTime:0.000000s ]
SQL: SELECT * FROM `order` WHERE ( `status` = 1 )  [ RunTime:0.000000s ]
SQL: SHOW COLUMNS FROM `admin` [ RunTime:0.000000s ]
SQL: SELECT * FROM `admin` WHERE ( `id` = 3 ) LIMIT 1   [ RunTime:0.015625s ]
INFO: [ view_parse ] --START--
NOTIC: [8] Use of undefined constant status - assumed 'status' D:\wwwroot\www.hnlc58.com\Temp\Cache\Admin\f09ecb7d4bf4db22ee860e0a6929a864.php 第 442 行.
NOTIC: [8] Use of undefined constant status - assumed 'status' D:\wwwroot\www.hnlc58.com\Temp\Cache\Admin\f09ecb7d4bf4db22ee860e0a6929a864.php 第 452 行.
INFO: ParseTemplate Behavior ::run [ RunTime:0.078125s ]
INFO: [ view_parse ] --END-- [ RunTime:0.078125s ]
INFO: [ view_filter ] --START--
INFO: ContentReplace Behavior ::run [ RunTime:0.000000s ]
INFO: TokenBuild Behavior ::run [ RunTime:0.000000s ]
INFO: WriteHtmlCache Behavior ::run [ RunTime:0.015625s ]
INFO: ShowRuntime Behavior ::run [ RunTime:0.000000s ]
INFO: [ view_filter ] --END-- [ RunTime:0.015625s ]
INFO: [ view_end ] --START--
INFO: ShowPageTrace Behavior ::run [ RunTime:0.000000s ]
INFO: [ view_end ] --END-- [ RunTime:0.000000s ]

[ 2018-12-31T19:20:59+08:00 ] 139.214.246.250 /index.php?g=Admin&m=System&a=index
INFO: [ app_begin ] --START--
INFO: ReadHtmlCache Behavior ::run [ RunTime:0.000000s ]
INFO: [ app_begin ] --END-- [ RunTime:0.000000s ]
SQL: SHOW COLUMNS FROM `order` [ RunTime:0.000000s ]
SQL: SELECT * FROM `order` WHERE ( `status` = 1 )  [ RunTime:0.000000s ]
INFO: [ view_parse ] --START--
INFO: ParseTemplate Behavior ::run [ RunTime:0.062500s ]
INFO: [ view_parse ] --END-- [ RunTime:0.062500s ]
INFO: [ view_filter ] --START--
INFO: ContentReplace Behavior ::run [ RunTime:0.000000s ]
INFO: TokenBuild Behavior ::run [ RunTime:0.000000s ]
INFO: WriteHtmlCache Behavior ::run [ RunTime:0.000000s ]
INFO: ShowRuntime Behavior ::run [ RunTime:0.000000s ]
INFO: [ view_filter ] --END-- [ RunTime:0.000000s ]
INFO: [ view_end ] --START--
INFO: ShowPageTrace Behavior ::run [ RunTime:0.000000s ]
INFO: [ view_end ] --END-- [ RunTime:0.000000s ]

